[0.171s] Invoking command in '/home/ian/ros2_study/build/my_first_package_msgs': CMAKE_PREFIX_PATH=${CMAKE_PREFIX_PATH}:/home/ian/ros2_study/install/my_first_package:/opt/ros/humble /usr/bin/cmake --build /home/ian/ros2_study/build/my_first_package_msgs -- -j2 -l2
[0.185s] [33mCMake Warning (dev) at CMakeLists.txt:17:
[0.185s]   Syntax Warning in cmake code at column 26
[0.185s] 
[0.185s]   Argument not separated from preceding token by whitespace.
[0.185s] This warning is for project developers.  Use -Wno-dev to suppress it.
[0.185s] [0m
[0.189s] -- Found ament_cmake: 1.3.11 (/opt/ros/humble/share/ament_cmake/cmake)
[0.278s] -- Found rosidl_default_generators: 1.2.0 (/opt/ros/humble/share/rosidl_default_generators/cmake)
[0.279s] -- Using all available rosidl_typesupport_c: rosidl_typesupport_fastrtps_c;rosidl_typesupport_introspection_c
[0.285s] -- Found rosidl_adapter: 3.1.6 (/opt/ros/humble/share/rosidl_adapter/cmake)
[0.314s] -- Using all available rosidl_typesupport_cpp: rosidl_typesupport_fastrtps_cpp;rosidl_typesupport_introspection_cpp
[0.341s] [31mCMake Error at /opt/ros/humble/share/rosidl_cmake/cmake/rosidl_generate_interfaces.cmake:93 (message):
[0.341s]   rosidl_generate_interfaces() the passed file ',' doesn't exist relative to
[0.341s]   the CMAKE_CURRENT_SOURCE_DIR
[0.341s]   '/home/ian/ros2_study/src/my_first_package_msgs'
[0.341s] Call Stack (most recent call first):
[0.341s]   CMakeLists.txt:16 (rosidl_generate_interfaces)
[0.341s] 
[0.341s] [0m
[0.342s] -- Configuring incomplete, errors occurred!
[0.342s] See also "/home/ian/ros2_study/build/my_first_package_msgs/CMakeFiles/CMakeOutput.log".
[0.345s] gmake: *** [Makefile:747: cmake_check_build_system] Error 1
[0.346s] Invoked command in '/home/ian/ros2_study/build/my_first_package_msgs' returned '2': CMAKE_PREFIX_PATH=${CMAKE_PREFIX_PATH}:/home/ian/ros2_study/install/my_first_package:/opt/ros/humble /usr/bin/cmake --build /home/ian/ros2_study/build/my_first_package_msgs -- -j2 -l2
