[0.172s] Invoking command in '/home/ian/ros2_study/build/my_first_package_msgs': CMAKE_PREFIX_PATH=/home/ian/ros2_study/install/my_first_package:/opt/ros/humble /usr/bin/cmake /home/ian/ros2_study/src/my_first_package_msgs -DCMAKE_INSTALL_PREFIX=/home/ian/ros2_study/install/my_first_package_msgs
[0.319s] -- The C compiler identification is GNU 11.4.0
[0.407s] -- The CXX compiler identification is GNU 11.4.0
[0.415s] -- Detecting C compiler ABI info
[0.481s] -- Detecting C compiler ABI info - done
[0.486s] -- Check for working C compiler: /usr/bin/cc - skipped
[0.487s] -- Detecting C compile features
[0.488s] -- Detecting C compile features - done
[0.490s] -- Detecting CXX compiler ABI info
[0.547s] -- Detecting CXX compiler ABI info - done
[0.553s] -- Check for working CXX compiler: /usr/bin/c++ - skipped
[0.554s] -- Detecting CXX compile features
[0.554s] -- Detecting CXX compile features - done
[0.560s] -- Found ament_cmake: 1.3.11 (/opt/ros/humble/share/ament_cmake/cmake)
[0.661s] -- Found Python3: /usr/bin/python3 (found version "3.10.12") found components: Interpreter 
[0.718s] -- Found rosidl_default_generators: 1.2.0 (/opt/ros/humble/share/rosidl_default_generators/cmake)
[0.728s] -- Using all available rosidl_typesupport_c: rosidl_typesupport_fastrtps_c;rosidl_typesupport_introspection_c
[0.736s] -- Found rosidl_adapter: 3.1.6 (/opt/ros/humble/share/rosidl_adapter/cmake)
[0.773s] -- Using all available rosidl_typesupport_cpp: rosidl_typesupport_fastrtps_cpp;rosidl_typesupport_introspection_cpp
[0.901s] [31mCMake Error at /opt/ros/humble/share/rosidl_adapter/cmake/rosidl_adapt_interfaces.cmake:59 (message):
[0.901s]   execute_process(/usr/bin/python3 -m rosidl_adapter --package-name
[0.901s]   my_first_package_msgs --arguments-file
[0.901s]   /home/ian/ros2_study/build/my_first_package_msgs/rosidl_adapter__arguments__my_first_package_msgs.json
[0.901s]   --output-dir
[0.901s]   /home/ian/ros2_study/build/my_first_package_msgs/rosidl_adapter/my_first_package_msgs
[0.901s]   --output-file
[0.901s]   /home/ian/ros2_study/build/my_first_package_msgs/rosidl_adapter/my_first_package_msgs.idls)
[0.901s]   returned error code 1:
[0.901s] 
[0.901s]   Error processing 'float32 angular_velS' of
[0.901s]   'my_first_package_msgs/CmdAndPoseVel': ''angular_velS' is an invalid field
[0.901s]   name.  It should have the pattern '^(?!.*__)(?!.*_$)[a-z][a-z0-9_]*$''
[0.901s] 
[0.901s]   Traceback (most recent call last):
[0.901s] 
[0.901s]     File "/usr/lib/python3.10/runpy.py", line 196, in _run_module_as_main
[0.901s]       return _run_code(code, main_globals, None,
[0.901s]     File "/usr/lib/python3.10/runpy.py", line 86, in _run_code
[0.901s]       exec(code, run_globals)
[0.901s]     File "/opt/ros/humble/local/lib/python3.10/dist-packages/rosidl_adapter/__main__.py", line 19, in <module>
[0.901s]       sys.exit(main())
[0.901s]     File "/opt/ros/humble/local/lib/python3.10/dist-packages/rosidl_adapter/main.py", line 53, in main
[0.901s]       abs_idl_file = convert_to_idl(
[0.902s]     File "/opt/ros/humble/local/lib/python3.10/dist-packages/rosidl_adapter/__init__.py", line 19, in convert_to_idl
[0.902s]       return convert_msg_to_idl(
[0.902s]     File "/opt/ros/humble/local/lib/python3.10/dist-packages/rosidl_adapter/msg/__init__.py", line 28, in convert_msg_to_idl
[0.902s]       msg = parse_message_string(package_name, input_file.stem, content)
[0.902s]     File "/opt/ros/humble/local/lib/python3.10/dist-packages/rosidl_adapter/parser.py", line 519, in parse_message_string
[0.902s]       fields.append(Field(
[0.902s]     File "/opt/ros/humble/local/lib/python3.10/dist-packages/rosidl_adapter/parser.py", line 354, in __init__
[0.902s]       raise NameError(
[0.902s] 
[0.902s]   NameError: 'angular_velS' is an invalid field name.  It should have the
[0.902s]   pattern '^(?!.*__)(?!.*_$)[a-z][a-z0-9_]*$'
[0.902s] 
[0.902s] Call Stack (most recent call first):
[0.902s]   /opt/ros/humble/share/rosidl_cmake/cmake/rosidl_generate_interfaces.cmake:130 (rosidl_adapt_interfaces)
[0.902s]   CMakeLists.txt:16 (rosidl_generate_interfaces)
[0.902s] 
[0.902s] [0m
[0.902s] -- Configuring incomplete, errors occurred!
[0.902s] See also "/home/ian/ros2_study/build/my_first_package_msgs/CMakeFiles/CMakeOutput.log".
[0.904s] Invoked command in '/home/ian/ros2_study/build/my_first_package_msgs' returned '1': CMAKE_PREFIX_PATH=/home/ian/ros2_study/install/my_first_package:/opt/ros/humble /usr/bin/cmake /home/ian/ros2_study/src/my_first_package_msgs -DCMAKE_INSTALL_PREFIX=/home/ian/ros2_study/install/my_first_package_msgs
