[0.455s] Invoking command in '/home/ian/ros2_study/src/my_first_package': PYTHONPATH=/home/ian/ros2_study/build/my_first_package/prefix_override:/usr/lib/python3/dist-packages/colcon_core/task/python/colcon_distutils_commands:/home/ian/ros2_study/install/my_first_package/lib/python3.10/site-packages:${PYTHONPATH} /usr/bin/python3 -W ignore:setup.py install is deprecated -W ignore:easy_install command is deprecated setup.py egg_info --egg-base ../../build/my_first_package build --build-base /home/ian/ros2_study/build/my_first_package/build install --record /home/ian/ros2_study/build/my_first_package/install.log --single-version-externally-managed install_data
[0.610s] running egg_info
[0.610s] writing ../../build/my_first_package/my_first_package.egg-info/PKG-INFO
[0.611s] writing dependency_links to ../../build/my_first_package/my_first_package.egg-info/dependency_links.txt
[0.611s] writing entry points to ../../build/my_first_package/my_first_package.egg-info/entry_points.txt
[0.611s] writing requirements to ../../build/my_first_package/my_first_package.egg-info/requires.txt
[0.611s] writing top-level names to ../../build/my_first_package/my_first_package.egg-info/top_level.txt
[0.612s] reading manifest file '../../build/my_first_package/my_first_package.egg-info/SOURCES.txt'
[0.612s] writing manifest file '../../build/my_first_package/my_first_package.egg-info/SOURCES.txt'
[0.613s] running build
[0.613s] running build_py
[0.613s] copying my_first_package/turtle_cmd_and_pose.py -> /home/ian/ros2_study/build/my_first_package/build/lib/my_first_package
[0.613s] running install
[0.613s] running install_lib
[0.614s] copying /home/ian/ros2_study/build/my_first_package/build/lib/my_first_package/turtle_cmd_and_pose.py -> /home/ian/ros2_study/install/my_first_package/lib/python3.10/site-packages/my_first_package
[0.614s] byte-compiling /home/ian/ros2_study/install/my_first_package/lib/python3.10/site-packages/my_first_package/turtle_cmd_and_pose.py to turtle_cmd_and_pose.cpython-310.pyc
[0.615s] running install_data
[0.615s] running install_egg_info
[0.616s] removing '/home/ian/ros2_study/install/my_first_package/lib/python3.10/site-packages/my_first_package-0.0.0-py3.10.egg-info' (and everything under it)
[0.616s] Copying ../../build/my_first_package/my_first_package.egg-info to /home/ian/ros2_study/install/my_first_package/lib/python3.10/site-packages/my_first_package-0.0.0-py3.10.egg-info
[0.617s] running install_scripts
[0.629s] Installing my_first_node script to /home/ian/ros2_study/install/my_first_package/lib/my_first_package
[0.629s] Installing my_publisher script to /home/ian/ros2_study/install/my_first_package/lib/my_first_package
[0.629s] Installing my_subscriber script to /home/ian/ros2_study/install/my_first_package/lib/my_first_package
[0.630s] Installing turtle_cmd_and_pose script to /home/ian/ros2_study/install/my_first_package/lib/my_first_package
[0.630s] writing list of installed files to '/home/ian/ros2_study/build/my_first_package/install.log'
[0.646s] Invoked command in '/home/ian/ros2_study/src/my_first_package' returned '0': PYTHONPATH=/home/ian/ros2_study/build/my_first_package/prefix_override:/usr/lib/python3/dist-packages/colcon_core/task/python/colcon_distutils_commands:/home/ian/ros2_study/install/my_first_package/lib/python3.10/site-packages:${PYTHONPATH} /usr/bin/python3 -W ignore:setup.py install is deprecated -W ignore:easy_install command is deprecated setup.py egg_info --egg-base ../../build/my_first_package build --build-base /home/ian/ros2_study/build/my_first_package/build install --record /home/ian/ros2_study/build/my_first_package/install.log --single-version-externally-managed install_data
