[0.405s] Invoking command in '/home/ian/ros2_study/src/my_first_package': PYTHONPATH=/home/ian/ros2_study/build/my_first_package/prefix_override:/usr/lib/python3/dist-packages/colcon_core/task/python/colcon_distutils_commands:/home/ian/ros2_study/install/my_first_package/lib/python3.10/site-packages:${PYTHONPATH} /usr/bin/python3 -W ignore:setup.py install is deprecated -W ignore:easy_install command is deprecated setup.py egg_info --egg-base ../../build/my_first_package build --build-base /home/ian/ros2_study/build/my_first_package/build install --record /home/ian/ros2_study/build/my_first_package/install.log --single-version-externally-managed install_data
[0.553s] running egg_info
[0.553s] writing ../../build/my_first_package/my_first_package.egg-info/PKG-INFO
[0.558s] writing dependency_links to ../../build/my_first_package/my_first_package.egg-info/dependency_links.txt
[0.558s] writing entry points to ../../build/my_first_package/my_first_package.egg-info/entry_points.txt
[0.558s] writing requirements to ../../build/my_first_package/my_first_package.egg-info/requires.txt
[0.558s] writing top-level names to ../../build/my_first_package/my_first_package.egg-info/top_level.txt
[0.559s] reading manifest file '../../build/my_first_package/my_first_package.egg-info/SOURCES.txt'
[0.560s] writing manifest file '../../build/my_first_package/my_first_package.egg-info/SOURCES.txt'
[0.560s] running build
[0.560s] running build_py
[0.560s] copying my_first_package/dist_turtle_action_server.py -> /home/ian/ros2_study/build/my_first_package/build/lib/my_first_package
[0.561s] running install
[0.561s] running install_lib
[0.561s] copying /home/ian/ros2_study/build/my_first_package/build/lib/my_first_package/dist_turtle_action_server.py -> /home/ian/ros2_study/install/my_first_package/lib/python3.10/site-packages/my_first_package
[0.562s] byte-compiling /home/ian/ros2_study/install/my_first_package/lib/python3.10/site-packages/my_first_package/dist_turtle_action_server.py to dist_turtle_action_server.cpython-310.pyc
[0.563s] running install_data
[0.563s] running install_egg_info
[0.564s] removing '/home/ian/ros2_study/install/my_first_package/lib/python3.10/site-packages/my_first_package-0.0.0-py3.10.egg-info' (and everything under it)
[0.564s] Copying ../../build/my_first_package/my_first_package.egg-info to /home/ian/ros2_study/install/my_first_package/lib/python3.10/site-packages/my_first_package-0.0.0-py3.10.egg-info
[0.565s] running install_scripts
[0.575s] Installing dist_turtle_action_server script to /home/ian/ros2_study/install/my_first_package/lib/my_first_package
[0.575s] Installing my_first_node script to /home/ian/ros2_study/install/my_first_package/lib/my_first_package
[0.575s] Installing my_multi_thread script to /home/ian/ros2_study/install/my_first_package/lib/my_first_package
[0.576s] Installing my_publisher script to /home/ian/ros2_study/install/my_first_package/lib/my_first_package
[0.576s] Installing my_service_server script to /home/ian/ros2_study/install/my_first_package/lib/my_first_package
[0.576s] Installing my_subscriber script to /home/ian/ros2_study/install/my_first_package/lib/my_first_package
[0.576s] Installing turtle_cmd_and_pose script to /home/ian/ros2_study/install/my_first_package/lib/my_first_package
[0.576s] writing list of installed files to '/home/ian/ros2_study/build/my_first_package/install.log'
[0.592s] Invoked command in '/home/ian/ros2_study/src/my_first_package' returned '0': PYTHONPATH=/home/ian/ros2_study/build/my_first_package/prefix_override:/usr/lib/python3/dist-packages/colcon_core/task/python/colcon_distutils_commands:/home/ian/ros2_study/install/my_first_package/lib/python3.10/site-packages:${PYTHONPATH} /usr/bin/python3 -W ignore:setup.py install is deprecated -W ignore:easy_install command is deprecated setup.py egg_info --egg-base ../../build/my_first_package build --build-base /home/ian/ros2_study/build/my_first_package/build install --record /home/ian/ros2_study/build/my_first_package/install.log --single-version-externally-managed install_data
