[0.351s] Invoking command in '/home/ian/ros2_study/src/my_first_package': PYTHONPATH=/home/ian/ros2_study/build/my_first_package/prefix_override:/usr/lib/python3/dist-packages/colcon_core/task/python/colcon_distutils_commands:/home/ian/ros2_study/install/my_first_package/lib/python3.10/site-packages:${PYTHONPATH} /usr/bin/python3 -W ignore:setup.py install is deprecated -W ignore:easy_install command is deprecated setup.py egg_info --egg-base ../../build/my_first_package build --build-base /home/ian/ros2_study/build/my_first_package/build install --record /home/ian/ros2_study/build/my_first_package/install.log --single-version-externally-managed install_data
[0.482s] running egg_info
[0.483s] creating ../../build/my_first_package/my_first_package.egg-info
[0.483s] writing ../../build/my_first_package/my_first_package.egg-info/PKG-INFO
[0.483s] writing dependency_links to ../../build/my_first_package/my_first_package.egg-info/dependency_links.txt
[0.483s] writing entry points to ../../build/my_first_package/my_first_package.egg-info/entry_points.txt
[0.483s] writing requirements to ../../build/my_first_package/my_first_package.egg-info/requires.txt
[0.483s] writing top-level names to ../../build/my_first_package/my_first_package.egg-info/top_level.txt
[0.484s] writing manifest file '../../build/my_first_package/my_first_package.egg-info/SOURCES.txt'
[0.484s] reading manifest file '../../build/my_first_package/my_first_package.egg-info/SOURCES.txt'
[0.485s] writing manifest file '../../build/my_first_package/my_first_package.egg-info/SOURCES.txt'
[0.485s] running build
[0.485s] running build_py
[0.485s] creating /home/ian/ros2_study/build/my_first_package/build
[0.485s] creating /home/ian/ros2_study/build/my_first_package/build/lib
[0.485s] creating /home/ian/ros2_study/build/my_first_package/build/lib/my_first_package
[0.485s] copying my_first_package/my_subscriber.py -> /home/ian/ros2_study/build/my_first_package/build/lib/my_first_package
[0.485s] copying my_first_package/my_first_node.py -> /home/ian/ros2_study/build/my_first_package/build/lib/my_first_package
[0.486s] copying my_first_package/__init__.py -> /home/ian/ros2_study/build/my_first_package/build/lib/my_first_package
[0.486s] running install
[0.486s] running install_lib
[0.486s] creating /home/ian/ros2_study/install/my_first_package/lib/python3.10/site-packages/my_first_package
[0.486s] copying /home/ian/ros2_study/build/my_first_package/build/lib/my_first_package/my_subscriber.py -> /home/ian/ros2_study/install/my_first_package/lib/python3.10/site-packages/my_first_package
[0.486s] copying /home/ian/ros2_study/build/my_first_package/build/lib/my_first_package/my_first_node.py -> /home/ian/ros2_study/install/my_first_package/lib/python3.10/site-packages/my_first_package
[0.487s] copying /home/ian/ros2_study/build/my_first_package/build/lib/my_first_package/__init__.py -> /home/ian/ros2_study/install/my_first_package/lib/python3.10/site-packages/my_first_package
[0.487s] byte-compiling /home/ian/ros2_study/install/my_first_package/lib/python3.10/site-packages/my_first_package/my_subscriber.py to my_subscriber.cpython-310.pyc
[0.487s] byte-compiling /home/ian/ros2_study/install/my_first_package/lib/python3.10/site-packages/my_first_package/my_first_node.py to my_first_node.cpython-310.pyc
[0.487s] byte-compiling /home/ian/ros2_study/install/my_first_package/lib/python3.10/site-packages/my_first_package/__init__.py to __init__.cpython-310.pyc
[0.487s] running install_data
[0.488s] creating /home/ian/ros2_study/install/my_first_package/share/ament_index
[0.488s] creating /home/ian/ros2_study/install/my_first_package/share/ament_index/resource_index
[0.488s] creating /home/ian/ros2_study/install/my_first_package/share/ament_index/resource_index/packages
[0.488s] copying resource/my_first_package -> /home/ian/ros2_study/install/my_first_package/share/ament_index/resource_index/packages
[0.488s] copying package.xml -> /home/ian/ros2_study/install/my_first_package/share/my_first_package
[0.488s] running install_egg_info
[0.489s] Copying ../../build/my_first_package/my_first_package.egg-info to /home/ian/ros2_study/install/my_first_package/lib/python3.10/site-packages/my_first_package-0.0.0-py3.10.egg-info
[0.489s] running install_scripts
[0.499s] Installing my_first_node script to /home/ian/ros2_study/install/my_first_package/lib/my_first_package
[0.500s] Installing my_subscriber script to /home/ian/ros2_study/install/my_first_package/lib/my_first_package
[0.500s] writing list of installed files to '/home/ian/ros2_study/build/my_first_package/install.log'
[0.512s] Invoked command in '/home/ian/ros2_study/src/my_first_package' returned '0': PYTHONPATH=/home/ian/ros2_study/build/my_first_package/prefix_override:/usr/lib/python3/dist-packages/colcon_core/task/python/colcon_distutils_commands:/home/ian/ros2_study/install/my_first_package/lib/python3.10/site-packages:${PYTHONPATH} /usr/bin/python3 -W ignore:setup.py install is deprecated -W ignore:easy_install command is deprecated setup.py egg_info --egg-base ../../build/my_first_package build --build-base /home/ian/ros2_study/build/my_first_package/build install --record /home/ian/ros2_study/build/my_first_package/install.log --single-version-externally-managed install_data
