[0.409s] Invoking command in '/home/ian/ros2_study/src/my_first_package': PYTHONPATH=/home/ian/ros2_study/build/my_first_package/prefix_override:/usr/lib/python3/dist-packages/colcon_core/task/python/colcon_distutils_commands:/home/ian/ros2_study/install/my_first_package/lib/python3.10/site-packages:${PYTHONPATH} /usr/bin/python3 -W ignore:setup.py install is deprecated -W ignore:easy_install command is deprecated setup.py egg_info --egg-base ../../build/my_first_package build --build-base /home/ian/ros2_study/build/my_first_package/build install --record /home/ian/ros2_study/build/my_first_package/install.log --single-version-externally-managed install_data
[0.587s] running egg_info
[0.587s] writing ../../build/my_first_package/my_first_package.egg-info/PKG-INFO
[0.587s] writing dependency_links to ../../build/my_first_package/my_first_package.egg-info/dependency_links.txt
[0.587s] writing entry points to ../../build/my_first_package/my_first_package.egg-info/entry_points.txt
[0.587s] writing requirements to ../../build/my_first_package/my_first_package.egg-info/requires.txt
[0.588s] writing top-level names to ../../build/my_first_package/my_first_package.egg-info/top_level.txt
[0.589s] reading manifest file '../../build/my_first_package/my_first_package.egg-info/SOURCES.txt'
[0.589s] writing manifest file '../../build/my_first_package/my_first_package.egg-info/SOURCES.txt'
[0.589s] running build
[0.589s] running build_py
[0.590s] running install
[0.590s] running install_lib
[0.591s] running install_data
[0.591s] copying launch/dist_turtle_action.launch.py -> /home/ian/ros2_study/install/my_first_package/share/my_first_package/launch
[0.591s] running install_egg_info
[0.592s] removing '/home/ian/ros2_study/install/my_first_package/lib/python3.10/site-packages/my_first_package-0.0.0-py3.10.egg-info' (and everything under it)
[0.592s] Copying ../../build/my_first_package/my_first_package.egg-info to /home/ian/ros2_study/install/my_first_package/lib/python3.10/site-packages/my_first_package-0.0.0-py3.10.egg-info
[0.593s] running install_scripts
[0.603s] Installing dist_turtle_action_server script to /home/ian/ros2_study/install/my_first_package/lib/my_first_package
[0.603s] Installing my_first_node script to /home/ian/ros2_study/install/my_first_package/lib/my_first_package
[0.603s] Installing my_multi_thread script to /home/ian/ros2_study/install/my_first_package/lib/my_first_package
[0.603s] Installing my_publisher script to /home/ian/ros2_study/install/my_first_package/lib/my_first_package
[0.604s] Installing my_service_server script to /home/ian/ros2_study/install/my_first_package/lib/my_first_package
[0.604s] Installing my_subscriber script to /home/ian/ros2_study/install/my_first_package/lib/my_first_package
[0.604s] Installing turtle_cmd_and_pose script to /home/ian/ros2_study/install/my_first_package/lib/my_first_package
[0.604s] writing list of installed files to '/home/ian/ros2_study/build/my_first_package/install.log'
[0.620s] Invoked command in '/home/ian/ros2_study/src/my_first_package' returned '0': PYTHONPATH=/home/ian/ros2_study/build/my_first_package/prefix_override:/usr/lib/python3/dist-packages/colcon_core/task/python/colcon_distutils_commands:/home/ian/ros2_study/install/my_first_package/lib/python3.10/site-packages:${PYTHONPATH} /usr/bin/python3 -W ignore:setup.py install is deprecated -W ignore:easy_install command is deprecated setup.py egg_info --egg-base ../../build/my_first_package build --build-base /home/ian/ros2_study/build/my_first_package/build install --record /home/ian/ros2_study/build/my_first_package/install.log --single-version-externally-managed install_data
