[0.151s] Invoking command in '/home/ian/ros2_study/build/my_first_package_msgs': CMAKE_PREFIX_PATH=/home/ian/ros2_study/install/my_first_package:/opt/ros/humble /usr/bin/cmake /home/ian/ros2_study/src/my_first_package_msgs -DCMAKE_INSTALL_PREFIX=/home/ian/ros2_study/install/my_first_package_msgs
[0.159s] -- Found ament_cmake: 1.3.11 (/opt/ros/humble/share/ament_cmake/cmake)
[0.242s] -- Found rosidl_default_generators: 1.2.0 (/opt/ros/humble/share/rosidl_default_generators/cmake)
[0.243s] -- Using all available rosidl_typesupport_c: rosidl_typesupport_fastrtps_c;rosidl_typesupport_introspection_c
[0.245s] -- Found rosidl_adapter: 3.1.6 (/opt/ros/humble/share/rosidl_adapter/cmake)
[0.264s] -- Using all available rosidl_typesupport_cpp: rosidl_typesupport_fastrtps_cpp;rosidl_typesupport_introspection_cpp
[0.456s] -- Found ament_cmake_ros: 0.10.0 (/opt/ros/humble/share/ament_cmake_ros/cmake)
[0.577s] -- Using all available rosidl_typesupport_c: rosidl_typesupport_fastrtps_c;rosidl_typesupport_introspection_c
[0.744s] -- Using all available rosidl_typesupport_cpp: rosidl_typesupport_fastrtps_cpp;rosidl_typesupport_introspection_cpp
[0.760s] -- Found PythonInterp: /usr/bin/python3 (found suitable version "3.10.12", minimum required is "3.6") 
[0.761s] -- Found python_cmake_module: 0.10.0 (/opt/ros/humble/share/python_cmake_module/cmake)
[0.783s] -- Found PythonLibs: /usr/lib/aarch64-linux-gnu/libpython3.10.so (found suitable version "3.10.12", minimum required is "3.5") 
[0.783s] -- Using PYTHON_EXECUTABLE: /usr/bin/python3
[0.783s] -- Using PYTHON_INCLUDE_DIRS: /usr/include/python3.10
[0.783s] -- Using PYTHON_LIBRARIES: /usr/lib/aarch64-linux-gnu/libpython3.10.so
[0.796s] -- Found PythonExtra: .so  
[0.819s] -- Found ament_lint_auto: 0.12.11 (/opt/ros/humble/share/ament_lint_auto/cmake)
[0.845s] -- Added test 'lint_cmake' to check CMake code style
[0.846s] -- Added test 'xmllint' to check XML markup files
[0.848s] -- Configuring done
[0.873s] -- Generating done
[0.880s] -- Build files have been written to: /home/ian/ros2_study/build/my_first_package_msgs
[0.883s] Invoked command in '/home/ian/ros2_study/build/my_first_package_msgs' returned '0': CMAKE_PREFIX_PATH=/home/ian/ros2_study/install/my_first_package:/opt/ros/humble /usr/bin/cmake /home/ian/ros2_study/src/my_first_package_msgs -DCMAKE_INSTALL_PREFIX=/home/ian/ros2_study/install/my_first_package_msgs
[0.884s] Invoking command in '/home/ian/ros2_study/build/my_first_package_msgs': CMAKE_PREFIX_PATH=/home/ian/ros2_study/install/my_first_package:/opt/ros/humble /usr/bin/cmake --build /home/ian/ros2_study/build/my_first_package_msgs -- -j2 -l2
[0.906s] [  3%] [34m[1mGenerating C code for ROS interfaces[0m
[0.911s] [  6%] [34m[1mGenerating C++ code for ROS interfaces[0m
[1.070s] [  9%] [32mBuilding C object CMakeFiles/my_first_package_msgs__rosidl_generator_c.dir/rosidl_generator_c/my_first_package_msgs/msg/detail/cmd_and_pose_vel__functions.c.o[0m
[1.100s] [  9%] Built target my_first_package_msgs__cpp
[1.128s] [ 12%] [32m[1mLinking C shared library libmy_first_package_msgs__rosidl_generator_c.so[0m
[1.139s] [ 12%] Built target ament_cmake_python_copy_my_first_package_msgs
[1.146s] [ 16%] [34m[1mGenerating C++ type support dispatch for ROS interfaces[0m
[1.160s] [ 16%] Built target my_first_package_msgs__rosidl_generator_c
[1.165s] [ 19%] [34m[1mGenerating C++ type support for eProsima Fast-RTPS[0m
[1.292s] [ 22%] [32mBuilding CXX object CMakeFiles/my_first_package_msgs__rosidl_typesupport_cpp.dir/rosidl_typesupport_cpp/my_first_package_msgs/msg/cmd_and_pose_vel__type_support.cpp.o[0m
[1.333s] [ 25%] [32mBuilding CXX object CMakeFiles/my_first_package_msgs__rosidl_typesupport_fastrtps_cpp.dir/rosidl_typesupport_fastrtps_cpp/my_first_package_msgs/msg/detail/dds_fastrtps/cmd_and_pose_vel__type_support.cpp.o[0m
[1.477s] [ 29%] [32m[1mLinking CXX shared library libmy_first_package_msgs__rosidl_typesupport_cpp.so[0m
[1.497s] [ 29%] Built target my_first_package_msgs__rosidl_typesupport_cpp
[1.501s] [ 32%] [34m[1mGenerating C++ introspection for ROS interfaces[0m
[1.566s] [ 35%] [32m[1mLinking CXX shared library libmy_first_package_msgs__rosidl_typesupport_fastrtps_cpp.so[0m
[1.599s] [ 35%] Built target my_first_package_msgs__rosidl_typesupport_fastrtps_cpp
[1.641s] [ 38%] [32mBuilding CXX object CMakeFiles/my_first_package_msgs__rosidl_typesupport_introspection_cpp.dir/rosidl_typesupport_introspection_cpp/my_first_package_msgs/msg/detail/cmd_and_pose_vel__type_support.cpp.o[0m
[1.748s] running egg_info
[1.748s] creating my_first_package_msgs.egg-info
[1.749s] writing my_first_package_msgs.egg-info/PKG-INFO
[1.749s] writing dependency_links to my_first_package_msgs.egg-info/dependency_links.txt
[1.749s] writing top-level names to my_first_package_msgs.egg-info/top_level.txt
[1.749s] writing manifest file 'my_first_package_msgs.egg-info/SOURCES.txt'
[1.750s] reading manifest file 'my_first_package_msgs.egg-info/SOURCES.txt'
[1.750s] writing manifest file 'my_first_package_msgs.egg-info/SOURCES.txt'
[1.764s] [ 38%] Built target ament_cmake_python_build_my_first_package_msgs_egg
[1.769s] [ 41%] [34m[1mGenerating C type support for eProsima Fast-RTPS[0m
[1.827s] [ 45%] [32m[1mLinking CXX shared library libmy_first_package_msgs__rosidl_typesupport_introspection_cpp.so[0m
[1.851s] [ 45%] Built target my_first_package_msgs__rosidl_typesupport_introspection_cpp
[1.855s] [ 48%] [34m[1mGenerating C introspection for ROS interfaces[0m
[1.939s] [ 51%] [32mBuilding CXX object CMakeFiles/my_first_package_msgs__rosidl_typesupport_fastrtps_c.dir/rosidl_typesupport_fastrtps_c/my_first_package_msgs/msg/detail/cmd_and_pose_vel__type_support_c.cpp.o[0m
[2.123s] [ 54%] [32mBuilding C object CMakeFiles/my_first_package_msgs__rosidl_typesupport_introspection_c.dir/rosidl_typesupport_introspection_c/my_first_package_msgs/msg/detail/cmd_and_pose_vel__type_support.c.o[0m
[2.148s] [ 58%] [32m[1mLinking C shared library libmy_first_package_msgs__rosidl_typesupport_introspection_c.so[0m
[2.174s] [ 58%] Built target my_first_package_msgs__rosidl_typesupport_introspection_c
[2.181s] [ 61%] [34m[1mGenerating C type support dispatch for ROS interfaces[0m
[2.241s] [ 64%] [32m[1mLinking CXX shared library libmy_first_package_msgs__rosidl_typesupport_fastrtps_c.so[0m
[2.294s] [ 64%] Built target my_first_package_msgs__rosidl_typesupport_fastrtps_c
[2.317s] [ 67%] [32mBuilding CXX object CMakeFiles/my_first_package_msgs__rosidl_typesupport_c.dir/rosidl_typesupport_c/my_first_package_msgs/msg/cmd_and_pose_vel__type_support.cpp.o[0m
[2.336s] [ 70%] [32m[1mLinking CXX shared library libmy_first_package_msgs__rosidl_typesupport_c.so[0m
[2.364s] [ 70%] Built target my_first_package_msgs__rosidl_typesupport_c
[2.374s] [ 70%] Built target my_first_package_msgs
[2.386s] [ 74%] [34m[1mGenerating Python code for ROS interfaces[0m
[2.589s] [ 74%] Built target my_first_package_msgs__py
[2.599s] [ 77%] [32mBuilding C object CMakeFiles/my_first_package_msgs__rosidl_generator_py.dir/rosidl_generator_py/my_first_package_msgs/msg/_cmd_and_pose_vel_s.c.o[0m
[2.686s] [ 80%] [32m[1mLinking C shared library rosidl_generator_py/my_first_package_msgs/libmy_first_package_msgs__rosidl_generator_py.so[0m
[2.705s] [ 80%] Built target my_first_package_msgs__rosidl_generator_py
[2.716s] [ 87%] [32mBuilding C object CMakeFiles/my_first_package_msgs__rosidl_typesupport_introspection_c__pyext.dir/rosidl_generator_py/my_first_package_msgs/_my_first_package_msgs_s.ep.rosidl_typesupport_introspection_c.c.o[0m
[2.717s] [ 87%] [32mBuilding C object CMakeFiles/my_first_package_msgs__rosidl_typesupport_fastrtps_c__pyext.dir/rosidl_generator_py/my_first_package_msgs/_my_first_package_msgs_s.ep.rosidl_typesupport_fastrtps_c.c.o[0m
[2.778s] [ 90%] [32m[1mLinking C shared library rosidl_generator_py/my_first_package_msgs/my_first_package_msgs_s__rosidl_typesupport_introspection_c.cpython-310-aarch64-linux-gnu.so[0m
[2.780s] [ 93%] [32m[1mLinking C shared library rosidl_generator_py/my_first_package_msgs/my_first_package_msgs_s__rosidl_typesupport_fastrtps_c.cpython-310-aarch64-linux-gnu.so[0m
[2.797s] [ 93%] Built target my_first_package_msgs__rosidl_typesupport_introspection_c__pyext
[2.799s] [ 93%] Built target my_first_package_msgs__rosidl_typesupport_fastrtps_c__pyext
[2.808s] [ 96%] [32mBuilding C object CMakeFiles/my_first_package_msgs__rosidl_typesupport_c__pyext.dir/rosidl_generator_py/my_first_package_msgs/_my_first_package_msgs_s.ep.rosidl_typesupport_c.c.o[0m
[2.865s] [100%] [32m[1mLinking C shared library rosidl_generator_py/my_first_package_msgs/my_first_package_msgs_s__rosidl_typesupport_c.cpython-310-aarch64-linux-gnu.so[0m
[2.881s] [100%] Built target my_first_package_msgs__rosidl_typesupport_c__pyext
[2.888s] Invoked command in '/home/ian/ros2_study/build/my_first_package_msgs' returned '0': CMAKE_PREFIX_PATH=/home/ian/ros2_study/install/my_first_package:/opt/ros/humble /usr/bin/cmake --build /home/ian/ros2_study/build/my_first_package_msgs -- -j2 -l2
[2.892s] Invoking command in '/home/ian/ros2_study/build/my_first_package_msgs': CMAKE_PREFIX_PATH=/home/ian/ros2_study/install/my_first_package:/opt/ros/humble /usr/bin/cmake --install /home/ian/ros2_study/build/my_first_package_msgs
[2.897s] -- Install configuration: ""
[2.897s] -- Installing: /home/ian/ros2_study/install/my_first_package_msgs/share/ament_index/resource_index/rosidl_interfaces/my_first_package_msgs
[2.897s] -- Installing: /home/ian/ros2_study/install/my_first_package_msgs/include/my_first_package_msgs/my_first_package_msgs
[2.897s] -- Installing: /home/ian/ros2_study/install/my_first_package_msgs/include/my_first_package_msgs/my_first_package_msgs/msg
[2.897s] -- Installing: /home/ian/ros2_study/install/my_first_package_msgs/include/my_first_package_msgs/my_first_package_msgs/msg/detail
[2.897s] -- Installing: /home/ian/ros2_study/install/my_first_package_msgs/include/my_first_package_msgs/my_first_package_msgs/msg/detail/cmd_and_pose_vel__functions.h
[2.897s] -- Installing: /home/ian/ros2_study/install/my_first_package_msgs/include/my_first_package_msgs/my_first_package_msgs/msg/detail/cmd_and_pose_vel__type_support.h
[2.897s] -- Installing: /home/ian/ros2_study/install/my_first_package_msgs/include/my_first_package_msgs/my_first_package_msgs/msg/detail/cmd_and_pose_vel__struct.h
[2.897s] -- Installing: /home/ian/ros2_study/install/my_first_package_msgs/include/my_first_package_msgs/my_first_package_msgs/msg/detail/cmd_and_pose_vel__functions.c
[2.897s] -- Installing: /home/ian/ros2_study/install/my_first_package_msgs/include/my_first_package_msgs/my_first_package_msgs/msg/cmd_and_pose_vel.h
[2.897s] -- Installing: /home/ian/ros2_study/install/my_first_package_msgs/include/my_first_package_msgs/my_first_package_msgs/msg/rosidl_generator_c__visibility_control.h
[2.898s] -- Installing: /home/ian/ros2_study/install/my_first_package_msgs/share/my_first_package_msgs/environment/library_path.sh
[2.898s] -- Installing: /home/ian/ros2_study/install/my_first_package_msgs/share/my_first_package_msgs/environment/library_path.dsv
[2.898s] -- Installing: /home/ian/ros2_study/install/my_first_package_msgs/lib/libmy_first_package_msgs__rosidl_generator_c.so
[2.898s] -- Set runtime path of "/home/ian/ros2_study/install/my_first_package_msgs/lib/libmy_first_package_msgs__rosidl_generator_c.so" to ""
[2.899s] -- Up-to-date: /home/ian/ros2_study/install/my_first_package_msgs/include/my_first_package_msgs/my_first_package_msgs
[2.899s] -- Up-to-date: /home/ian/ros2_study/install/my_first_package_msgs/include/my_first_package_msgs/my_first_package_msgs/msg
[2.899s] -- Installing: /home/ian/ros2_study/install/my_first_package_msgs/include/my_first_package_msgs/my_first_package_msgs/msg/rosidl_typesupport_fastrtps_c__visibility_control.h
[2.899s] -- Up-to-date: /home/ian/ros2_study/install/my_first_package_msgs/include/my_first_package_msgs/my_first_package_msgs/msg/detail
[2.899s] -- Installing: /home/ian/ros2_study/install/my_first_package_msgs/include/my_first_package_msgs/my_first_package_msgs/msg/detail/cmd_and_pose_vel__rosidl_typesupport_fastrtps_c.h
[2.899s] -- Installing: /home/ian/ros2_study/install/my_first_package_msgs/lib/libmy_first_package_msgs__rosidl_typesupport_fastrtps_c.so
[2.899s] -- Set runtime path of "/home/ian/ros2_study/install/my_first_package_msgs/lib/libmy_first_package_msgs__rosidl_typesupport_fastrtps_c.so" to ""
[2.899s] -- Up-to-date: /home/ian/ros2_study/install/my_first_package_msgs/include/my_first_package_msgs/my_first_package_msgs
[2.899s] -- Up-to-date: /home/ian/ros2_study/install/my_first_package_msgs/include/my_first_package_msgs/my_first_package_msgs/msg
[2.899s] -- Up-to-date: /home/ian/ros2_study/install/my_first_package_msgs/include/my_first_package_msgs/my_first_package_msgs/msg/detail
[2.899s] -- Installing: /home/ian/ros2_study/install/my_first_package_msgs/include/my_first_package_msgs/my_first_package_msgs/msg/detail/cmd_and_pose_vel__rosidl_typesupport_introspection_c.h
[2.899s] -- Installing: /home/ian/ros2_study/install/my_first_package_msgs/include/my_first_package_msgs/my_first_package_msgs/msg/detail/cmd_and_pose_vel__type_support.c
[2.899s] -- Installing: /home/ian/ros2_study/install/my_first_package_msgs/include/my_first_package_msgs/my_first_package_msgs/msg/rosidl_typesupport_introspection_c__visibility_control.h
[2.899s] -- Installing: /home/ian/ros2_study/install/my_first_package_msgs/lib/libmy_first_package_msgs__rosidl_typesupport_introspection_c.so
[2.900s] -- Set runtime path of "/home/ian/ros2_study/install/my_first_package_msgs/lib/libmy_first_package_msgs__rosidl_typesupport_introspection_c.so" to ""
[2.900s] -- Installing: /home/ian/ros2_study/install/my_first_package_msgs/lib/libmy_first_package_msgs__rosidl_typesupport_c.so
[2.900s] -- Set runtime path of "/home/ian/ros2_study/install/my_first_package_msgs/lib/libmy_first_package_msgs__rosidl_typesupport_c.so" to ""
[2.900s] -- Up-to-date: /home/ian/ros2_study/install/my_first_package_msgs/include/my_first_package_msgs/my_first_package_msgs
[2.900s] -- Up-to-date: /home/ian/ros2_study/install/my_first_package_msgs/include/my_first_package_msgs/my_first_package_msgs/msg
[2.900s] -- Up-to-date: /home/ian/ros2_study/install/my_first_package_msgs/include/my_first_package_msgs/my_first_package_msgs/msg/detail
[2.900s] -- Installing: /home/ian/ros2_study/install/my_first_package_msgs/include/my_first_package_msgs/my_first_package_msgs/msg/detail/cmd_and_pose_vel__builder.hpp
[2.900s] -- Installing: /home/ian/ros2_study/install/my_first_package_msgs/include/my_first_package_msgs/my_first_package_msgs/msg/detail/cmd_and_pose_vel__struct.hpp
[2.900s] -- Installing: /home/ian/ros2_study/install/my_first_package_msgs/include/my_first_package_msgs/my_first_package_msgs/msg/detail/cmd_and_pose_vel__type_support.hpp
[2.900s] -- Installing: /home/ian/ros2_study/install/my_first_package_msgs/include/my_first_package_msgs/my_first_package_msgs/msg/detail/cmd_and_pose_vel__traits.hpp
[2.900s] -- Installing: /home/ian/ros2_study/install/my_first_package_msgs/include/my_first_package_msgs/my_first_package_msgs/msg/cmd_and_pose_vel.hpp
[2.900s] -- Installing: /home/ian/ros2_study/install/my_first_package_msgs/include/my_first_package_msgs/my_first_package_msgs/msg/rosidl_generator_cpp__visibility_control.hpp
[2.900s] -- Up-to-date: /home/ian/ros2_study/install/my_first_package_msgs/include/my_first_package_msgs/my_first_package_msgs
[2.900s] -- Up-to-date: /home/ian/ros2_study/install/my_first_package_msgs/include/my_first_package_msgs/my_first_package_msgs/msg
[2.900s] -- Up-to-date: /home/ian/ros2_study/install/my_first_package_msgs/include/my_first_package_msgs/my_first_package_msgs/msg/detail
[2.900s] -- Installing: /home/ian/ros2_study/install/my_first_package_msgs/include/my_first_package_msgs/my_first_package_msgs/msg/detail/cmd_and_pose_vel__rosidl_typesupport_fastrtps_cpp.hpp
[2.901s] -- Installing: /home/ian/ros2_study/install/my_first_package_msgs/include/my_first_package_msgs/my_first_package_msgs/msg/detail/dds_fastrtps
[2.901s] -- Installing: /home/ian/ros2_study/install/my_first_package_msgs/include/my_first_package_msgs/my_first_package_msgs/msg/rosidl_typesupport_fastrtps_cpp__visibility_control.h
[2.901s] -- Installing: /home/ian/ros2_study/install/my_first_package_msgs/lib/libmy_first_package_msgs__rosidl_typesupport_fastrtps_cpp.so
[2.901s] -- Set runtime path of "/home/ian/ros2_study/install/my_first_package_msgs/lib/libmy_first_package_msgs__rosidl_typesupport_fastrtps_cpp.so" to ""
[2.901s] -- Up-to-date: /home/ian/ros2_study/install/my_first_package_msgs/include/my_first_package_msgs/my_first_package_msgs
[2.901s] -- Up-to-date: /home/ian/ros2_study/install/my_first_package_msgs/include/my_first_package_msgs/my_first_package_msgs/msg
[2.901s] -- Up-to-date: /home/ian/ros2_study/install/my_first_package_msgs/include/my_first_package_msgs/my_first_package_msgs/msg/detail
[2.901s] -- Installing: /home/ian/ros2_study/install/my_first_package_msgs/include/my_first_package_msgs/my_first_package_msgs/msg/detail/cmd_and_pose_vel__rosidl_typesupport_introspection_cpp.hpp
[2.901s] -- Installing: /home/ian/ros2_study/install/my_first_package_msgs/include/my_first_package_msgs/my_first_package_msgs/msg/detail/cmd_and_pose_vel__type_support.cpp
[2.901s] -- Installing: /home/ian/ros2_study/install/my_first_package_msgs/lib/libmy_first_package_msgs__rosidl_typesupport_introspection_cpp.so
[2.901s] -- Set runtime path of "/home/ian/ros2_study/install/my_first_package_msgs/lib/libmy_first_package_msgs__rosidl_typesupport_introspection_cpp.so" to ""
[2.901s] -- Installing: /home/ian/ros2_study/install/my_first_package_msgs/lib/libmy_first_package_msgs__rosidl_typesupport_cpp.so
[2.901s] -- Set runtime path of "/home/ian/ros2_study/install/my_first_package_msgs/lib/libmy_first_package_msgs__rosidl_typesupport_cpp.so" to ""
[2.901s] -- Installing: /home/ian/ros2_study/install/my_first_package_msgs/share/my_first_package_msgs/environment/pythonpath.sh
[2.901s] -- Installing: /home/ian/ros2_study/install/my_first_package_msgs/share/my_first_package_msgs/environment/pythonpath.dsv
[2.901s] -- Installing: /home/ian/ros2_study/install/my_first_package_msgs/local/lib/python3.10/dist-packages/my_first_package_msgs-0.0.0-py3.10.egg-info
[2.902s] -- Installing: /home/ian/ros2_study/install/my_first_package_msgs/local/lib/python3.10/dist-packages/my_first_package_msgs-0.0.0-py3.10.egg-info/SOURCES.txt
[2.902s] -- Installing: /home/ian/ros2_study/install/my_first_package_msgs/local/lib/python3.10/dist-packages/my_first_package_msgs-0.0.0-py3.10.egg-info/PKG-INFO
[2.902s] -- Installing: /home/ian/ros2_study/install/my_first_package_msgs/local/lib/python3.10/dist-packages/my_first_package_msgs-0.0.0-py3.10.egg-info/top_level.txt
[2.902s] -- Installing: /home/ian/ros2_study/install/my_first_package_msgs/local/lib/python3.10/dist-packages/my_first_package_msgs-0.0.0-py3.10.egg-info/dependency_links.txt
[2.902s] -- Installing: /home/ian/ros2_study/install/my_first_package_msgs/local/lib/python3.10/dist-packages/my_first_package_msgs
[2.902s] -- Installing: /home/ian/ros2_study/install/my_first_package_msgs/local/lib/python3.10/dist-packages/my_first_package_msgs/my_first_package_msgs_s__rosidl_typesupport_introspection_c.cpython-310-aarch64-linux-gnu.so
[2.902s] -- Installing: /home/ian/ros2_study/install/my_first_package_msgs/local/lib/python3.10/dist-packages/my_first_package_msgs/my_first_package_msgs_s__rosidl_typesupport_fastrtps_c.cpython-310-aarch64-linux-gnu.so
[2.902s] -- Installing: /home/ian/ros2_study/install/my_first_package_msgs/local/lib/python3.10/dist-packages/my_first_package_msgs/_my_first_package_msgs_s.ep.rosidl_typesupport_introspection_c.c
[2.902s] -- Installing: /home/ian/ros2_study/install/my_first_package_msgs/local/lib/python3.10/dist-packages/my_first_package_msgs/libmy_first_package_msgs__rosidl_generator_py.so
[2.902s] -- Installing: /home/ian/ros2_study/install/my_first_package_msgs/local/lib/python3.10/dist-packages/my_first_package_msgs/_my_first_package_msgs_s.ep.rosidl_typesupport_c.c
[2.902s] -- Installing: /home/ian/ros2_study/install/my_first_package_msgs/local/lib/python3.10/dist-packages/my_first_package_msgs/_my_first_package_msgs_s.ep.rosidl_typesupport_fastrtps_c.c
[2.902s] -- Installing: /home/ian/ros2_study/install/my_first_package_msgs/local/lib/python3.10/dist-packages/my_first_package_msgs/msg
[2.902s] -- Installing: /home/ian/ros2_study/install/my_first_package_msgs/local/lib/python3.10/dist-packages/my_first_package_msgs/msg/_cmd_and_pose_vel.py
[2.902s] -- Installing: /home/ian/ros2_study/install/my_first_package_msgs/local/lib/python3.10/dist-packages/my_first_package_msgs/msg/_cmd_and_pose_vel_s.c
[2.903s] -- Installing: /home/ian/ros2_study/install/my_first_package_msgs/local/lib/python3.10/dist-packages/my_first_package_msgs/msg/__init__.py
[2.903s] -- Installing: /home/ian/ros2_study/install/my_first_package_msgs/local/lib/python3.10/dist-packages/my_first_package_msgs/my_first_package_msgs_s__rosidl_typesupport_c.cpython-310-aarch64-linux-gnu.so
[2.903s] -- Installing: /home/ian/ros2_study/install/my_first_package_msgs/local/lib/python3.10/dist-packages/my_first_package_msgs/__init__.py
[2.922s] Listing '/home/ian/ros2_study/install/my_first_package_msgs/local/lib/python3.10/dist-packages/my_first_package_msgs'...
[2.922s] Compiling '/home/ian/ros2_study/install/my_first_package_msgs/local/lib/python3.10/dist-packages/my_first_package_msgs/__init__.py'...
[2.922s] Listing '/home/ian/ros2_study/install/my_first_package_msgs/local/lib/python3.10/dist-packages/my_first_package_msgs/msg'...
[2.922s] Compiling '/home/ian/ros2_study/install/my_first_package_msgs/local/lib/python3.10/dist-packages/my_first_package_msgs/msg/__init__.py'...
[2.922s] Compiling '/home/ian/ros2_study/install/my_first_package_msgs/local/lib/python3.10/dist-packages/my_first_package_msgs/msg/_cmd_and_pose_vel.py'...
[2.925s] -- Installing: /home/ian/ros2_study/install/my_first_package_msgs/local/lib/python3.10/dist-packages/my_first_package_msgs/my_first_package_msgs_s__rosidl_typesupport_fastrtps_c.cpython-310-aarch64-linux-gnu.so
[2.925s] -- Set runtime path of "/home/ian/ros2_study/install/my_first_package_msgs/local/lib/python3.10/dist-packages/my_first_package_msgs/my_first_package_msgs_s__rosidl_typesupport_fastrtps_c.cpython-310-aarch64-linux-gnu.so" to ""
[2.926s] -- Installing: /home/ian/ros2_study/install/my_first_package_msgs/local/lib/python3.10/dist-packages/my_first_package_msgs/my_first_package_msgs_s__rosidl_typesupport_introspection_c.cpython-310-aarch64-linux-gnu.so
[2.926s] -- Set runtime path of "/home/ian/ros2_study/install/my_first_package_msgs/local/lib/python3.10/dist-packages/my_first_package_msgs/my_first_package_msgs_s__rosidl_typesupport_introspection_c.cpython-310-aarch64-linux-gnu.so" to ""
[2.926s] -- Installing: /home/ian/ros2_study/install/my_first_package_msgs/local/lib/python3.10/dist-packages/my_first_package_msgs/my_first_package_msgs_s__rosidl_typesupport_c.cpython-310-aarch64-linux-gnu.so
[2.926s] -- Set runtime path of "/home/ian/ros2_study/install/my_first_package_msgs/local/lib/python3.10/dist-packages/my_first_package_msgs/my_first_package_msgs_s__rosidl_typesupport_c.cpython-310-aarch64-linux-gnu.so" to ""
[2.926s] -- Installing: /home/ian/ros2_study/install/my_first_package_msgs/lib/libmy_first_package_msgs__rosidl_generator_py.so
[2.926s] -- Set runtime path of "/home/ian/ros2_study/install/my_first_package_msgs/lib/libmy_first_package_msgs__rosidl_generator_py.so" to ""
[2.926s] -- Installing: /home/ian/ros2_study/install/my_first_package_msgs/share/my_first_package_msgs/msg/CmdAndPoseVel.idl
[2.926s] -- Installing: /home/ian/ros2_study/install/my_first_package_msgs/share/my_first_package_msgs/msg/CmdAndPoseVel.msg
[2.926s] -- Installing: /home/ian/ros2_study/install/my_first_package_msgs/share/ament_index/resource_index/package_run_dependencies/my_first_package_msgs
[2.927s] -- Installing: /home/ian/ros2_study/install/my_first_package_msgs/share/ament_index/resource_index/parent_prefix_path/my_first_package_msgs
[2.927s] -- Installing: /home/ian/ros2_study/install/my_first_package_msgs/share/my_first_package_msgs/environment/ament_prefix_path.sh
[2.927s] -- Installing: /home/ian/ros2_study/install/my_first_package_msgs/share/my_first_package_msgs/environment/ament_prefix_path.dsv
[2.927s] -- Installing: /home/ian/ros2_study/install/my_first_package_msgs/share/my_first_package_msgs/environment/path.sh
[2.927s] -- Installing: /home/ian/ros2_study/install/my_first_package_msgs/share/my_first_package_msgs/environment/path.dsv
[2.927s] -- Installing: /home/ian/ros2_study/install/my_first_package_msgs/share/my_first_package_msgs/local_setup.bash
[2.927s] -- Installing: /home/ian/ros2_study/install/my_first_package_msgs/share/my_first_package_msgs/local_setup.sh
[2.927s] -- Installing: /home/ian/ros2_study/install/my_first_package_msgs/share/my_first_package_msgs/local_setup.zsh
[2.927s] -- Installing: /home/ian/ros2_study/install/my_first_package_msgs/share/my_first_package_msgs/local_setup.dsv
[2.927s] -- Installing: /home/ian/ros2_study/install/my_first_package_msgs/share/my_first_package_msgs/package.dsv
[2.927s] -- Installing: /home/ian/ros2_study/install/my_first_package_msgs/share/ament_index/resource_index/packages/my_first_package_msgs
[2.927s] -- Installing: /home/ian/ros2_study/install/my_first_package_msgs/share/my_first_package_msgs/cmake/export_my_first_package_msgs__rosidl_generator_cExport.cmake
[2.927s] -- Installing: /home/ian/ros2_study/install/my_first_package_msgs/share/my_first_package_msgs/cmake/export_my_first_package_msgs__rosidl_generator_cExport-noconfig.cmake
[2.927s] -- Installing: /home/ian/ros2_study/install/my_first_package_msgs/share/my_first_package_msgs/cmake/export_my_first_package_msgs__rosidl_typesupport_fastrtps_cExport.cmake
[2.928s] -- Installing: /home/ian/ros2_study/install/my_first_package_msgs/share/my_first_package_msgs/cmake/export_my_first_package_msgs__rosidl_typesupport_fastrtps_cExport-noconfig.cmake
[2.928s] -- Installing: /home/ian/ros2_study/install/my_first_package_msgs/share/my_first_package_msgs/cmake/my_first_package_msgs__rosidl_typesupport_introspection_cExport.cmake
[2.928s] -- Installing: /home/ian/ros2_study/install/my_first_package_msgs/share/my_first_package_msgs/cmake/my_first_package_msgs__rosidl_typesupport_introspection_cExport-noconfig.cmake
[2.928s] -- Installing: /home/ian/ros2_study/install/my_first_package_msgs/share/my_first_package_msgs/cmake/my_first_package_msgs__rosidl_typesupport_cExport.cmake
[2.928s] -- Installing: /home/ian/ros2_study/install/my_first_package_msgs/share/my_first_package_msgs/cmake/my_first_package_msgs__rosidl_typesupport_cExport-noconfig.cmake
[2.928s] -- Installing: /home/ian/ros2_study/install/my_first_package_msgs/share/my_first_package_msgs/cmake/export_my_first_package_msgs__rosidl_generator_cppExport.cmake
[2.928s] -- Installing: /home/ian/ros2_study/install/my_first_package_msgs/share/my_first_package_msgs/cmake/export_my_first_package_msgs__rosidl_typesupport_fastrtps_cppExport.cmake
[2.928s] -- Installing: /home/ian/ros2_study/install/my_first_package_msgs/share/my_first_package_msgs/cmake/export_my_first_package_msgs__rosidl_typesupport_fastrtps_cppExport-noconfig.cmake
[2.928s] -- Installing: /home/ian/ros2_study/install/my_first_package_msgs/share/my_first_package_msgs/cmake/my_first_package_msgs__rosidl_typesupport_introspection_cppExport.cmake
[2.928s] -- Installing: /home/ian/ros2_study/install/my_first_package_msgs/share/my_first_package_msgs/cmake/my_first_package_msgs__rosidl_typesupport_introspection_cppExport-noconfig.cmake
[2.928s] -- Installing: /home/ian/ros2_study/install/my_first_package_msgs/share/my_first_package_msgs/cmake/my_first_package_msgs__rosidl_typesupport_cppExport.cmake
[2.928s] -- Installing: /home/ian/ros2_study/install/my_first_package_msgs/share/my_first_package_msgs/cmake/my_first_package_msgs__rosidl_typesupport_cppExport-noconfig.cmake
[2.928s] -- Installing: /home/ian/ros2_study/install/my_first_package_msgs/share/my_first_package_msgs/cmake/export_my_first_package_msgs__rosidl_generator_pyExport.cmake
[2.929s] -- Installing: /home/ian/ros2_study/install/my_first_package_msgs/share/my_first_package_msgs/cmake/export_my_first_package_msgs__rosidl_generator_pyExport-noconfig.cmake
[2.929s] -- Installing: /home/ian/ros2_study/install/my_first_package_msgs/share/my_first_package_msgs/cmake/rosidl_cmake-extras.cmake
[2.929s] -- Installing: /home/ian/ros2_study/install/my_first_package_msgs/share/my_first_package_msgs/cmake/ament_cmake_export_include_directories-extras.cmake
[2.929s] -- Installing: /home/ian/ros2_study/install/my_first_package_msgs/share/my_first_package_msgs/cmake/ament_cmake_export_libraries-extras.cmake
[2.929s] -- Installing: /home/ian/ros2_study/install/my_first_package_msgs/share/my_first_package_msgs/cmake/ament_cmake_export_targets-extras.cmake
[2.929s] -- Installing: /home/ian/ros2_study/install/my_first_package_msgs/share/my_first_package_msgs/cmake/rosidl_cmake_export_typesupport_targets-extras.cmake
[2.929s] -- Installing: /home/ian/ros2_study/install/my_first_package_msgs/share/my_first_package_msgs/cmake/ament_cmake_export_dependencies-extras.cmake
[2.929s] -- Installing: /home/ian/ros2_study/install/my_first_package_msgs/share/my_first_package_msgs/cmake/rosidl_cmake_export_typesupport_libraries-extras.cmake
[2.929s] -- Installing: /home/ian/ros2_study/install/my_first_package_msgs/share/my_first_package_msgs/cmake/my_first_package_msgsConfig.cmake
[2.929s] -- Installing: /home/ian/ros2_study/install/my_first_package_msgs/share/my_first_package_msgs/cmake/my_first_package_msgsConfig-version.cmake
[2.929s] -- Installing: /home/ian/ros2_study/install/my_first_package_msgs/share/my_first_package_msgs/package.xml
[2.934s] Invoked command in '/home/ian/ros2_study/build/my_first_package_msgs' returned '0': CMAKE_PREFIX_PATH=/home/ian/ros2_study/install/my_first_package:/opt/ros/humble /usr/bin/cmake --install /home/ian/ros2_study/build/my_first_package_msgs
